<?xml version="1.0" encoding="UTF-8"?>
<!-- Generated by org.testng.reporters.JUnitXMLReporter -->
<testsuite hostname="WIN-636K57TP07O" name="Default test" tests="3" failures="0" timestamp="12 May 2018 17:42:09 GMT" time="34.977" errors="0">
  <testcase name="fillInputFields" time="7.194" classname="lab_4.FillWithDataProvider"/>
  <testcase name="fillInputFields" time="6.816" classname="lab_4.FillWithDataProvider"/>
  <testcase name="fillInputFields" time="6.711" classname="lab_4.FillWithDataProvider"/>
</testsuite> <!-- Default test -->
